Using pre-set license
Built from '2021.3/staging' branch; Version is '2021.3.19f1 (c9714fde33b6) revision 13201743'; Using compiler version '192829333'; Build Type 'Release'
OS: 'Windows 10  (10.0.19045) 64bit EducationN' Language: 'es' Physical Memory: 16285 MB
BatchMode: 1, IsHumanControllingUs: 0, StartBugReporterOnCrash: 0, Is64bit: 1, IsPro: 1

COMMAND LINE ARGUMENTS:
C:\Program Files\Unity\Hub\Editor\2021.3.19f1\Editor\Unity.exe
-adb2
-batchMode
-noUpm
-name
AssetImportWorker0
-projectPath
D:/Documentos/DAM2_DUAL/Unity/Pong/Proyecto Brick Out
-logFile
Logs/AssetImportWorker0.log
-srvPort
58015
Successfully changed project path to: D:/Documentos/DAM2_DUAL/Unity/Pong/Proyecto Brick Out
D:/Documentos/DAM2_DUAL/Unity/Pong/Proyecto Brick Out
[UnityMemory] Configuration Parameters - Can be set up in boot.config
    "memorysetup-bucket-allocator-granularity=16"
    "memorysetup-bucket-allocator-bucket-count=8"
    "memorysetup-bucket-allocator-block-size=33554432"
    "memorysetup-bucket-allocator-block-count=8"
    "memorysetup-main-allocator-block-size=16777216"
    "memorysetup-thread-allocator-block-size=16777216"
    "memorysetup-gfx-main-allocator-block-size=16777216"
    "memorysetup-gfx-thread-allocator-block-size=16777216"
    "memorysetup-cache-allocator-block-size=4194304"
    "memorysetup-typetree-allocator-block-size=2097152"
    "memorysetup-profiler-bucket-allocator-granularity=16"
    "memorysetup-profiler-bucket-allocator-bucket-count=8"
    "memorysetup-profiler-bucket-allocator-block-size=33554432"
    "memorysetup-profiler-bucket-allocator-block-count=8"
    "memorysetup-profiler-allocator-block-size=16777216"
    "memorysetup-profiler-editor-allocator-block-size=1048576"
    "memorysetup-temp-allocator-size-main=16777216"
    "memorysetup-job-temp-allocator-block-size=2097152"
    "memorysetup-job-temp-allocator-block-size-background=1048576"
    "memorysetup-job-temp-allocator-reduction-small-platforms=262144"
    "memorysetup-temp-allocator-size-background-worker=32768"
    "memorysetup-temp-allocator-size-job-worker=262144"
    "memorysetup-temp-allocator-size-preload-manager=33554432"
    "memorysetup-temp-allocator-size-nav-mesh-worker=65536"
    "memorysetup-temp-allocator-size-audio-worker=65536"
    "memorysetup-temp-allocator-size-cloud-worker=32768"
    "memorysetup-temp-allocator-size-gi-baking-worker=262144"
    "memorysetup-temp-allocator-size-gfx=262144"
Player connection [12976] Host "[IP] 192.168.232.1 [Port] 0 [Flags] 2 [Guid] 1401499604 [EditorId] 1401499604 [Version] 1048832 [Id] WindowsEditor(7,PC10) [Debug] 1 [PackageName] WindowsEditor [ProjectName] Editor" joined multi-casting on [225.0.0.222:54997]...

Player connection [12976] Host "[IP] 192.168.232.1 [Port] 0 [Flags] 2 [Guid] 1401499604 [EditorId] 1401499604 [Version] 1048832 [Id] WindowsEditor(7,PC10) [Debug] 1 [PackageName] WindowsEditor [ProjectName] Editor" joined alternative multi-casting on [225.0.0.222:34997]...

Refreshing native plugins compatible for Editor in 100.06 ms, found 4 plugins.
Preloading 0 native plugins for Editor in 0.00 ms.
Initialize engine version: 2021.3.19f1 (c9714fde33b6)
[Subsystems] Discovering subsystems at path C:/Program Files/Unity/Hub/Editor/2021.3.19f1/Editor/Data/Resources/UnitySubsystems
[Subsystems] Discovering subsystems at path D:/Documentos/DAM2_DUAL/Unity/Pong/Proyecto Brick Out/Assets
GfxDevice: creating device client; threaded=0; jobified=0
Direct3D:
    Version:  Direct3D 11.0 [level 11.0]
    Renderer: NVIDIA GeForce GT 710 (ID=0x128b)
    Vendor:   NVIDIA
    VRAM:     984 MB
    Driver:   27.21.14.6109
Initialize mono
Mono path[0] = 'C:/Program Files/Unity/Hub/Editor/2021.3.19f1/Editor/Data/Managed'
Mono path[1] = 'C:/Program Files/Unity/Hub/Editor/2021.3.19f1/Editor/Data/MonoBleedingEdge/lib/mono/unityjit-win32'
Mono config path = 'C:/Program Files/Unity/Hub/Editor/2021.3.19f1/Editor/Data/MonoBleedingEdge/etc'
Using monoOptions --debugger-agent=transport=dt_socket,embedding=1,server=y,suspend=n,address=127.0.0.1:56060
Begin MonoManager ReloadAssembly
Registering precompiled unity dll's ...
Register platform support module: C:/Program Files/Unity/Hub/Editor/2021.3.19f1/Editor/Data/PlaybackEngines/WebGLSupport/UnityEditor.WebGL.Extensions.dll
Register platform support module: C:/Program Files/Unity/Hub/Editor/2021.3.19f1/Editor/Data/PlaybackEngines/WindowsStandaloneSupport/UnityEditor.WindowsStandalone.Extensions.dll
Registered in 0.007961 seconds.
Native extension for WindowsStandalone target not found
Native extension for WebGL target not found
Refreshing native plugins compatible for Editor in 102.87 ms, found 4 plugins.
Preloading 0 native plugins for Editor in 0.00 ms.
Mono: successfully reloaded assembly
- Completed reload, in  0.771 seconds
Domain Reload Profiling:
	ReloadAssembly (771ms)
		BeginReloadAssembly (88ms)
			ExecutionOrderSort (0ms)
			DisableScriptedObjects (0ms)
			BackupInstance (0ms)
			ReleaseScriptingObjects (0ms)
			CreateAndSetChildDomain (1ms)
		EndReloadAssembly (555ms)
			LoadAssemblies (85ms)
			RebuildTransferFunctionScriptingTraits (0ms)
			SetupTypeCache (127ms)
			ReleaseScriptCaches (0ms)
			RebuildScriptCaches (34ms)
			SetupLoadedEditorAssemblies (337ms)
				LogAssemblyErrors (0ms)
				InitializePlatformSupportModulesInManaged (10ms)
				SetLoadedEditorAssemblies (0ms)
				RefreshPlugins (103ms)
				BeforeProcessingInitializeOnLoad (2ms)
				ProcessInitializeOnLoadAttributes (164ms)
				ProcessInitializeOnLoadMethodAttributes (57ms)
				AfterProcessingInitializeOnLoad (0ms)
				EditorAssembliesLoaded (0ms)
			ExecutionOrderSort2 (0ms)
			AwakeInstancesAfterBackupRestoration (0ms)
Platform modules already initialized, skipping
Registering precompiled user dll's ...
Registered in 0.006600 seconds.
Begin MonoManager ReloadAssembly
Symbol file LoadedFromMemory doesn't match image D:\Documentos\DAM2_DUAL\Unity\Pong\Proyecto Brick Out\Library\PackageCache\com.unity.visualscripting@1.8.0\Editor\VisualScripting.Core\Dependencies\YamlDotNet\Unity.VisualScripting.YamlDotNet.dll
Symbol file LoadedFromMemory doesn't match image D:\Documentos\DAM2_DUAL\Unity\Pong\Proyecto Brick Out\Library\PackageCache\com.unity.visualscripting@1.8.0\Editor\VisualScripting.Core\Dependencies\DotNetZip\Unity.VisualScripting.IonicZip.dll
Native extension for WindowsStandalone target not found
Native extension for WebGL target not found
Refreshing native plugins compatible for Editor in 100.10 ms, found 4 plugins.
Preloading 0 native plugins for Editor in 0.00 ms.
Mono: successfully reloaded assembly
- Completed reload, in  1.227 seconds
Domain Reload Profiling:
	ReloadAssembly (1228ms)
		BeginReloadAssembly (122ms)
			ExecutionOrderSort (0ms)
			DisableScriptedObjects (6ms)
			BackupInstance (0ms)
			ReleaseScriptingObjects (0ms)
			CreateAndSetChildDomain (22ms)
		EndReloadAssembly (981ms)
			LoadAssemblies (93ms)
			RebuildTransferFunctionScriptingTraits (0ms)
			SetupTypeCache (281ms)
			ReleaseScriptCaches (1ms)
			RebuildScriptCaches (62ms)
			SetupLoadedEditorAssemblies (497ms)
				LogAssemblyErrors (0ms)
				InitializePlatformSupportModulesInManaged (7ms)
				SetLoadedEditorAssemblies (0ms)
				RefreshPlugins (100ms)
				BeforeProcessingInitializeOnLoad (101ms)
				ProcessInitializeOnLoadAttributes (244ms)
				ProcessInitializeOnLoadMethodAttributes (37ms)
				AfterProcessingInitializeOnLoad (8ms)
				EditorAssembliesLoaded (0ms)
			ExecutionOrderSort2 (0ms)
			AwakeInstancesAfterBackupRestoration (10ms)
Platform modules already initialized, skipping
========================================================================
Worker process is ready to serve import requests
Launched and connected shader compiler UnityShaderCompiler.exe after 0.06 seconds
Refreshing native plugins compatible for Editor in 0.80 ms, found 4 plugins.
Preloading 0 native plugins for Editor in 0.00 ms.
Unloading 3742 Unused Serialized files (Serialized files now loaded: 0)
Unloading 41 unused Assets / (228.9 KB). Loaded Objects now: 4195.
Memory consumption went from 142.9 MB to 142.6 MB.
Total: 4.315000 ms (FindLiveObjects: 0.358900 ms CreateObjectMapping: 0.435400 ms MarkObjects: 3.367700 ms  DeleteObjects: 0.152000 ms)

AssetImportParameters requested are different than current active one (requested -> active):
  custom:video-decoder-ogg-theora: a1e56fd34408186e4bbccfd4996cb3dc -> 
  custom:container-muxer-webm: aa71ff27fc2769a1b78a27578f13a17b -> 
  custom:container-demuxer-webm: 4f35f7cbe854078d1ac9338744f61a02 -> 
  custom:video-encoder-webm-vp8: eb34c28f22e8b96e1ab97ce403110664 -> 
  custom:audio-encoder-webm-vorbis: bf7c407c2cedff20999df2af8eb42d56 -> 
  custom:container-demuxer-ogg: 62fdf1f143b41e24485cea50d1cbac27 -> 
  custom:video-decoder-webm-vp8: 9c59270c3fd7afecdb556c50c9e8de78 -> 
  custom:audio-decoder-ogg-vorbis: bf7c407c2cedff20999df2af8eb42d56 -> 
========================================================================
Received Import Request.
  Time since last request: 1055.517506 seconds.
  path: Assets/Prefab/pared Variant.prefab
  artifactKey: Guid(8a70fe57286bfc4439e7ad6bdc34439c) Importer(815301076,1909f56bfc062723c751e8b465ee728b)
Start importing Assets/Prefab/pared Variant.prefab using Guid(8a70fe57286bfc4439e7ad6bdc34439c) Importer(815301076,1909f56bfc062723c751e8b465ee728b)  -> (artifact id: 'd87ee85b99a558454bb0e6051f612a41') in 0.150707 seconds 
========================================================================
Received Import Request.
  Time since last request: 4.765735 seconds.
  path: Assets/BlockBreakerTemplate/Prefabs/Ball.prefab
  artifactKey: Guid(5e87aa058f7cf964e9ea0c849306e081) Importer(815301076,1909f56bfc062723c751e8b465ee728b)
Start importing Assets/BlockBreakerTemplate/Prefabs/Ball.prefab using Guid(5e87aa058f7cf964e9ea0c849306e081) Importer(815301076,1909f56bfc062723c751e8b465ee728b)  -> (artifact id: '63f3188393a7829bfacc8b94e3b61e46') in 0.009890 seconds 
========================================================================
Received Import Request.
  Time since last request: 39.981158 seconds.
  path: Assets/Pelota.cs
  artifactKey: Guid(04202f5fc29615b489c6ed47a2154d29) Importer(815301076,1909f56bfc062723c751e8b465ee728b)
Start importing Assets/Pelota.cs using Guid(04202f5fc29615b489c6ed47a2154d29) Importer(815301076,1909f56bfc062723c751e8b465ee728b)  -> (artifact id: '1703badf4f5d7c0e53b732a0c12d081d') in 0.005471 seconds 
========================================================================
Received Import Request.
  Time since last request: 23.130751 seconds.
  path: Assets/Pelota.cs
  artifactKey: Guid(04202f5fc29615b489c6ed47a2154d29) Importer(815301076,1909f56bfc062723c751e8b465ee728b)
Start importing Assets/Pelota.cs using Guid(04202f5fc29615b489c6ed47a2154d29) Importer(815301076,1909f56bfc062723c751e8b465ee728b)  -> (artifact id: '5accc963f2092113aebb56d4a6514096') in 0.001466 seconds 
========================================================================
Received Import Request.
  Time since last request: 71.331190 seconds.
  path: Assets/BlockBreakerTemplate/Scripts/GameUI.cs
  artifactKey: Guid(bb1c2bf5dd0ba4e46be35511a2a775d4) Importer(815301076,1909f56bfc062723c751e8b465ee728b)
Start importing Assets/BlockBreakerTemplate/Scripts/GameUI.cs using Guid(bb1c2bf5dd0ba4e46be35511a2a775d4) Importer(815301076,1909f56bfc062723c751e8b465ee728b)  -> (artifact id: 'e79401e8317707eaf04a51569e829ac0') in 0.001989 seconds 
========================================================================
Received Import Request.
  Time since last request: 8.862976 seconds.
  path: Assets/BlockBreakerTemplate/Scripts/MenuUI.cs
  artifactKey: Guid(8a6047cbec78c1948b1319cc0b25be58) Importer(815301076,1909f56bfc062723c751e8b465ee728b)
Start importing Assets/BlockBreakerTemplate/Scripts/MenuUI.cs using Guid(8a6047cbec78c1948b1319cc0b25be58) Importer(815301076,1909f56bfc062723c751e8b465ee728b)  -> (artifact id: '44af3d9bf3d8f8f9537cf0a4808c705a') in 0.001341 seconds 
========================================================================
Received Import Request.
  Time since last request: 17.161620 seconds.
  path: Assets/BlockBreakerTemplate/Scripts/Brick.cs
  artifactKey: Guid(eb6b4dab70cfd1a46949df84dfaad496) Importer(815301076,1909f56bfc062723c751e8b465ee728b)
Start importing Assets/BlockBreakerTemplate/Scripts/Brick.cs using Guid(eb6b4dab70cfd1a46949df84dfaad496) Importer(815301076,1909f56bfc062723c751e8b465ee728b)  -> (artifact id: '7b49da8641cd61cae7d5a020cb9f38d8') in 0.001723 seconds 
========================================================================
Received Import Request.
  Time since last request: 62.681464 seconds.
  path: Assets/BlockBreakerTemplate/Scripts/Paddle.cs
  artifactKey: Guid(e8b86ecba3d43ca45becf449b7fc853d) Importer(815301076,1909f56bfc062723c751e8b465ee728b)
Start importing Assets/BlockBreakerTemplate/Scripts/Paddle.cs using Guid(e8b86ecba3d43ca45becf449b7fc853d) Importer(815301076,1909f56bfc062723c751e8b465ee728b)  -> (artifact id: 'c045a085ce4e6016761c917626aee9f0') in 0.001427 seconds 
========================================================================
Received Import Request.
  Time since last request: 43.873902 seconds.
  path: Assets/BlockBreakerTemplate/Scripts/Brick.cs
  artifactKey: Guid(eb6b4dab70cfd1a46949df84dfaad496) Importer(815301076,1909f56bfc062723c751e8b465ee728b)
Start importing Assets/BlockBreakerTemplate/Scripts/Brick.cs using Guid(eb6b4dab70cfd1a46949df84dfaad496) Importer(815301076,1909f56bfc062723c751e8b465ee728b)  -> (artifact id: '2592ff86f6cdf3b5988d1f9abdec1c2b') in 0.001577 seconds 
