------------------------------------------------------------------------------------------------------------------------

[2023-01-23 19:14:02 #1 store] 
Database 'D:\Documentos\DAM2_DUAL\Workspace\Acceso a datos\UD4\AD_2evbdo_MallenGimenoAntonio\data\fichajes.odb' is opened by 10516@PC10

[2023-01-23 19:14:02 #2 store] 
Configuration path: ?

[2023-01-23 19:14:02 #3 type] 
Type modelo.Departamento is not enhanced.

[2023-01-23 19:14:02 #4 type] 
Type modelo.Empleado is not enhanced.

[2023-01-23 19:14:02 #5 type] 
Type modelo.Fecha is not enhanced.

[2023-01-23 19:14:02 #6 type] 
Type modelo.Fichaje is not enhanced.

[2023-01-23 19:14:02 #7 type] 
Type modelo.Tiempo is not enhanced.

[2023-01-23 19:14:02 #8 store] 
Database 'D:\Documentos\DAM2_DUAL\Workspace\Acceso a datos\UD4\AD_2evbdo_MallenGimenoAntonio\data\fichajes.odb' is closed by 10516@PC10

------------------------------------------------------------------------------------------------------------------------

[2023-01-23 19:27:10 #1 store] 
Database 'D:\Documentos\DAM2_DUAL\Workspace\Acceso a datos\UD4\AD_2evbdo_MallenGimenoAntonio\data\fichajes.odb' is opened by 8720@PC10

[2023-01-23 19:27:10 #2 store] 
Configuration path: ?

[2023-01-23 19:27:10 #3 type] 
Type modelo.Departamento is not enhanced.

[2023-01-23 19:27:10 #4 type] 
Type modelo.Empleado is not enhanced.

[2023-01-23 19:27:10 #5 type] 
Type modelo.Fecha is not enhanced.

[2023-01-23 19:27:10 #6 type] 
Type modelo.Fichaje is not enhanced.

[2023-01-23 19:27:10 #7 type] 
Type modelo.Tiempo is not enhanced.

[2023-01-23 19:27:10 #8 store] 
Database 'D:\Documentos\DAM2_DUAL\Workspace\Acceso a datos\UD4\AD_2evbdo_MallenGimenoAntonio\data\fichajes.odb' is closed by 8720@PC10

[2023-01-23 19:27:25 #9 store] 
Database 'D:\Documentos\DAM2_DUAL\Workspace\Acceso a datos\UD4\AD_2evbdo_MallenGimenoAntonio\data\fichajes.odb' is opened by 8720@PC10

[2023-01-23 19:27:25 #10 store] 
Configuration path: ?

[2023-01-23 19:27:25 #11 store] 
Database 'D:\Documentos\DAM2_DUAL\Workspace\Acceso a datos\UD4\AD_2evbdo_MallenGimenoAntonio\data\fichajes.odb' is closed by 8720@PC10

[2023-01-23 19:27:27 #12 store] 
Database 'D:\Documentos\DAM2_DUAL\Workspace\Acceso a datos\UD4\AD_2evbdo_MallenGimenoAntonio\data\fichajes.odb' is opened by 8720@PC10

[2023-01-23 19:27:27 #13 store] 
Configuration path: ?

[2023-01-23 19:27:27 #14 store] 
Database 'D:\Documentos\DAM2_DUAL\Workspace\Acceso a datos\UD4\AD_2evbdo_MallenGimenoAntonio\data\fichajes.odb' is closed by 8720@PC10

------------------------------------------------------------------------------------------------------------------------

[2023-01-23 19:27:43 #1 store] 
Database 'D:\Documentos\DAM2_DUAL\Workspace\Acceso a datos\UD4\AD_2evbdo_MallenGimenoAntonio\data\fichajes.odb' is opened by 8476@PC10

[2023-01-23 19:27:43 #2 store] 
Configuration path: ?

[2023-01-23 19:27:43 #3 type] 
Type modelo.Departamento is not enhanced.

[2023-01-23 19:27:43 #4 type] 
Type modelo.Empleado is not enhanced.

[2023-01-23 19:27:43 #5 type] 
Type modelo.Fecha is not enhanced.

[2023-01-23 19:27:43 #6 type] 
Type modelo.Fichaje is not enhanced.

[2023-01-23 19:27:43 #7 type] 
Type modelo.Tiempo is not enhanced.

[2023-01-23 19:27:43 #8 store] 
Database 'D:\Documentos\DAM2_DUAL\Workspace\Acceso a datos\UD4\AD_2evbdo_MallenGimenoAntonio\data\fichajes.odb' is closed by 8476@PC10

[2023-01-23 19:27:52 #9 store] 
Database 'D:\Documentos\DAM2_DUAL\Workspace\Acceso a datos\UD4\AD_2evbdo_MallenGimenoAntonio\data\fichajes.odb' is opened by 8476@PC10

[2023-01-23 19:27:52 #10 store] 
Configuration path: ?

[2023-01-23 19:27:52 #11 store] 
Database 'D:\Documentos\DAM2_DUAL\Workspace\Acceso a datos\UD4\AD_2evbdo_MallenGimenoAntonio\data\fichajes.odb' is closed by 8476@PC10

[2023-01-23 19:27:55 #12 store] 
Database 'D:\Documentos\DAM2_DUAL\Workspace\Acceso a datos\UD4\AD_2evbdo_MallenGimenoAntonio\data\fichajes.odb' is opened by 8476@PC10

[2023-01-23 19:27:55 #13 store] 
Configuration path: ?

[2023-01-23 19:27:55 #14 store] 
Database 'D:\Documentos\DAM2_DUAL\Workspace\Acceso a datos\UD4\AD_2evbdo_MallenGimenoAntonio\data\fichajes.odb' is closed by 8476@PC10

------------------------------------------------------------------------------------------------------------------------

[2023-01-23 19:28:28 #1 store] 
Database 'D:\Documentos\DAM2_DUAL\Workspace\Acceso a datos\UD4\AD_2evbdo_MallenGimenoAntonio\data\fichajes.odb' is opened by 6320@PC10

[2023-01-23 19:28:28 #2 store] 
Configuration path: ?

[2023-01-23 19:28:28 #3 type] 
Type modelo.Departamento is not enhanced.

[2023-01-23 19:28:28 #4 type] 
Type modelo.Empleado is not enhanced.

[2023-01-23 19:28:28 #5 type] 
Type modelo.Fecha is not enhanced.

[2023-01-23 19:28:28 #6 type] 
Type modelo.Fichaje is not enhanced.

[2023-01-23 19:28:28 #7 type] 
Type modelo.Tiempo is not enhanced.

[2023-01-23 19:28:28 #8 store] 
Database 'D:\Documentos\DAM2_DUAL\Workspace\Acceso a datos\UD4\AD_2evbdo_MallenGimenoAntonio\data\fichajes.odb' is closed by 6320@PC10

[2023-01-23 19:28:31 #9 store] 
Database 'D:\Documentos\DAM2_DUAL\Workspace\Acceso a datos\UD4\AD_2evbdo_MallenGimenoAntonio\data\fichajes.odb' is opened by 6320@PC10

[2023-01-23 19:28:31 #10 store] 
Configuration path: ?

[2023-01-23 19:28:31 #11 store] 
Database 'D:\Documentos\DAM2_DUAL\Workspace\Acceso a datos\UD4\AD_2evbdo_MallenGimenoAntonio\data\fichajes.odb' is closed by 6320@PC10

------------------------------------------------------------------------------------------------------------------------

[2023-01-23 19:29:15 #1 store] 
Database 'D:\Documentos\DAM2_DUAL\Workspace\Acceso a datos\UD4\AD_2evbdo_MallenGimenoAntonio\data\fichajes.odb' is opened by 8792@PC10

[2023-01-23 19:29:15 #2 store] 
Configuration path: ?

[2023-01-23 19:29:16 #3 type] 
Type modelo.Departamento is not enhanced.

[2023-01-23 19:29:16 #4 type] 
Type modelo.Empleado is not enhanced.

[2023-01-23 19:29:16 #5 type] 
Type modelo.Fecha is not enhanced.

[2023-01-23 19:29:16 #6 type] 
Type modelo.Fichaje is not enhanced.

[2023-01-23 19:29:16 #7 type] 
Type modelo.Tiempo is not enhanced.

[2023-01-23 19:29:16 #8 store] 
Database 'D:\Documentos\DAM2_DUAL\Workspace\Acceso a datos\UD4\AD_2evbdo_MallenGimenoAntonio\data\fichajes.odb' is closed by 8792@PC10

[2023-01-23 19:29:19 #9 store] 
Database 'D:\Documentos\DAM2_DUAL\Workspace\Acceso a datos\UD4\AD_2evbdo_MallenGimenoAntonio\data\fichajes.odb' is opened by 8792@PC10

[2023-01-23 19:29:19 #10 store] 
Configuration path: ?

[2023-01-23 19:29:19 #11 store] 
Database 'D:\Documentos\DAM2_DUAL\Workspace\Acceso a datos\UD4\AD_2evbdo_MallenGimenoAntonio\data\fichajes.odb' is closed by 8792@PC10

[2023-01-23 19:29:21 #12 store] 
Database 'D:\Documentos\DAM2_DUAL\Workspace\Acceso a datos\UD4\AD_2evbdo_MallenGimenoAntonio\data\fichajes.odb' is opened by 8792@PC10

[2023-01-23 19:29:21 #13 store] 
Configuration path: ?

[2023-01-23 19:29:21 #14 store] 
Database 'D:\Documentos\DAM2_DUAL\Workspace\Acceso a datos\UD4\AD_2evbdo_MallenGimenoAntonio\data\fichajes.odb' is closed by 8792@PC10

------------------------------------------------------------------------------------------------------------------------

[2023-01-23 19:34:34 #1 store] 
Database 'D:\Documentos\DAM2_DUAL\Workspace\Acceso a datos\UD4\AD_2evbdo_MallenGimenoAntonio\data\fichajes.odb' is opened by 6252@PC10

[2023-01-23 19:34:34 #2 store] 
Configuration path: ?

[2023-01-23 19:34:34 #3 type] 
Type modelo.Departamento is not enhanced.

[2023-01-23 19:34:34 #4 type] 
Type modelo.Empleado is not enhanced.

[2023-01-23 19:34:34 #5 type] 
Type modelo.Fecha is not enhanced.

[2023-01-23 19:34:34 #6 type] 
Type modelo.Fichaje is not enhanced.

[2023-01-23 19:34:34 #7 type] 
Type modelo.Tiempo is not enhanced.

[2023-01-23 19:34:34 #8 store] 
Database 'D:\Documentos\DAM2_DUAL\Workspace\Acceso a datos\UD4\AD_2evbdo_MallenGimenoAntonio\data\fichajes.odb' is closed by 6252@PC10

------------------------------------------------------------------------------------------------------------------------

[2023-01-23 19:34:42 #1 store] 
Database 'D:\Documentos\DAM2_DUAL\Workspace\Acceso a datos\UD4\AD_2evbdo_MallenGimenoAntonio\data\fichajes.odb' is opened by 1536@PC10

[2023-01-23 19:34:42 #2 store] 
Configuration path: ?

[2023-01-23 19:34:42 #3 type] 
Type modelo.Departamento is not enhanced.

[2023-01-23 19:34:42 #4 type] 
Type modelo.Empleado is not enhanced.

[2023-01-23 19:34:42 #5 type] 
Type modelo.Fecha is not enhanced.

[2023-01-23 19:34:42 #6 type] 
Type modelo.Fichaje is not enhanced.

[2023-01-23 19:34:42 #7 type] 
Type modelo.Tiempo is not enhanced.

[2023-01-23 19:34:42 #8 store] 
Database 'D:\Documentos\DAM2_DUAL\Workspace\Acceso a datos\UD4\AD_2evbdo_MallenGimenoAntonio\data\fichajes.odb' is closed by 1536@PC10

------------------------------------------------------------------------------------------------------------------------

[2023-01-23 19:42:02 #1 store] 
Database 'D:\Documentos\DAM2_DUAL\Workspace\Acceso a datos\UD4\AD_2evbdo_MallenGimenoAntonio\data\fichajes.odb' is opened by 2844@PC10

[2023-01-23 19:42:02 #2 store] 
Configuration path: ?

[2023-01-23 19:42:02 #3 type] 
Type modelo.Departamento is not enhanced.

[2023-01-23 19:42:02 #4 type] 
Type modelo.Empleado is not enhanced.

[2023-01-23 19:42:02 #5 type] 
Type modelo.Fecha is not enhanced.

[2023-01-23 19:42:02 #6 type] 
Type modelo.Fichaje is not enhanced.

[2023-01-23 19:42:02 #7 type] 
Type modelo.Tiempo is not enhanced.

[2023-01-23 19:42:02 #8 store] 
Database 'D:\Documentos\DAM2_DUAL\Workspace\Acceso a datos\UD4\AD_2evbdo_MallenGimenoAntonio\data\fichajes.odb' is closed by 2844@PC10

------------------------------------------------------------------------------------------------------------------------

[2023-01-23 19:47:57 #1 store] 
Database 'D:\Documentos\DAM2_DUAL\Workspace\Acceso a datos\UD4\AD_2evbdo_MallenGimenoAntonio\data\fichajes.odb' is opened by 3368@PC10

[2023-01-23 19:47:57 #2 store] 
Configuration path: ?

[2023-01-23 19:47:57 #3 type] 
Type modelo.Departamento is not enhanced.

[2023-01-23 19:47:57 #4 type] 
Type modelo.Empleado is not enhanced.

[2023-01-23 19:47:57 #5 type] 
Type modelo.Fecha is not enhanced.

[2023-01-23 19:47:57 #6 type] 
Type modelo.Fichaje is not enhanced.

[2023-01-23 19:47:57 #7 type] 
Type modelo.Tiempo is not enhanced.

[2023-01-23 19:47:57 #8 store] 
Database 'D:\Documentos\DAM2_DUAL\Workspace\Acceso a datos\UD4\AD_2evbdo_MallenGimenoAntonio\data\fichajes.odb' is closed by 3368@PC10

[2023-01-23 19:48:01 #9 store] 
Database 'D:\Documentos\DAM2_DUAL\Workspace\Acceso a datos\UD4\AD_2evbdo_MallenGimenoAntonio\data\fichajes.odb' is opened by 3368@PC10

[2023-01-23 19:48:01 #10 store] 
Configuration path: ?

[2023-01-23 19:48:01 #11 store] 
Database 'D:\Documentos\DAM2_DUAL\Workspace\Acceso a datos\UD4\AD_2evbdo_MallenGimenoAntonio\data\fichajes.odb' is closed by 3368@PC10

[2023-01-23 19:48:10 #12 store] 
Database 'D:\Documentos\DAM2_DUAL\Workspace\Acceso a datos\UD4\AD_2evbdo_MallenGimenoAntonio\data\fichajes.odb' is opened by 3368@PC10

[2023-01-23 19:48:10 #13 store] 
Configuration path: ?

[2023-01-23 19:48:10 #14 store] 
Database 'D:\Documentos\DAM2_DUAL\Workspace\Acceso a datos\UD4\AD_2evbdo_MallenGimenoAntonio\data\fichajes.odb' is closed by 3368@PC10

[2023-01-23 19:48:14 #15 store] 
Database 'D:\Documentos\DAM2_DUAL\Workspace\Acceso a datos\UD4\AD_2evbdo_MallenGimenoAntonio\data\fichajes.odb' is opened by 3368@PC10

[2023-01-23 19:48:14 #16 store] 
Configuration path: ?

[2023-01-23 19:48:14 #17 store] 
Database 'D:\Documentos\DAM2_DUAL\Workspace\Acceso a datos\UD4\AD_2evbdo_MallenGimenoAntonio\data\fichajes.odb' is closed by 3368@PC10

[2023-01-23 19:48:18 #18 store] 
Database 'D:\Documentos\DAM2_DUAL\Workspace\Acceso a datos\UD4\AD_2evbdo_MallenGimenoAntonio\data\fichajes.odb' is opened by 3368@PC10

[2023-01-23 19:48:18 #19 store] 
Configuration path: ?

[2023-01-23 19:48:18 #20 store] 
Database 'D:\Documentos\DAM2_DUAL\Workspace\Acceso a datos\UD4\AD_2evbdo_MallenGimenoAntonio\data\fichajes.odb' is closed by 3368@PC10

------------------------------------------------------------------------------------------------------------------------

[2023-01-23 19:51:35 #1 store] 
Database 'D:\Documentos\DAM2_DUAL\Workspace\Acceso a datos\UD4\AD_2evbdo_MallenGimenoAntonio\data\fichajes.odb' is opened by 7456@PC10

[2023-01-23 19:51:35 #2 store] 
Configuration path: ?

[2023-01-23 19:51:36 #3 type] 
Type modelo.Departamento is not enhanced.

[2023-01-23 19:51:36 #4 type] 
Type modelo.Empleado is not enhanced.

[2023-01-23 19:51:36 #5 type] 
Type modelo.Fecha is not enhanced.

[2023-01-23 19:51:36 #6 type] 
Type modelo.Fichaje is not enhanced.

[2023-01-23 19:51:36 #7 type] 
Type modelo.Tiempo is not enhanced.

[2023-01-23 19:51:36 #8 store] 
Database 'D:\Documentos\DAM2_DUAL\Workspace\Acceso a datos\UD4\AD_2evbdo_MallenGimenoAntonio\data\fichajes.odb' is closed by 7456@PC10

[2023-01-23 19:51:36 #9 store] 
Database 'D:\Documentos\DAM2_DUAL\Workspace\Acceso a datos\UD4\AD_2evbdo_MallenGimenoAntonio\data\fichajes.odb' is opened by 7456@PC10

[2023-01-23 19:51:36 #10 store] 
Configuration path: ?

[2023-01-23 19:51:36 #11 store] 
Database 'D:\Documentos\DAM2_DUAL\Workspace\Acceso a datos\UD4\AD_2evbdo_MallenGimenoAntonio\data\fichajes.odb' is closed by 7456@PC10

------------------------------------------------------------------------------------------------------------------------

[2023-01-23 19:52:22 #1 store] 
Database 'D:\Documentos\DAM2_DUAL\Workspace\Acceso a datos\UD4\AD_2evbdo_MallenGimenoAntonio\data\fichajes.odb' is opened by 8080@PC10

[2023-01-23 19:52:22 #2 store] 
Configuration path: ?

[2023-01-23 19:52:22 #3 type] 
Type modelo.Departamento is not enhanced.

[2023-01-23 19:52:22 #4 type] 
Type modelo.Empleado is not enhanced.

[2023-01-23 19:52:22 #5 type] 
Type modelo.Fecha is not enhanced.

[2023-01-23 19:52:22 #6 type] 
Type modelo.Fichaje is not enhanced.

[2023-01-23 19:52:22 #7 type] 
Type modelo.Tiempo is not enhanced.

[2023-01-23 19:52:22 #8 store] 
Database 'D:\Documentos\DAM2_DUAL\Workspace\Acceso a datos\UD4\AD_2evbdo_MallenGimenoAntonio\data\fichajes.odb' is closed by 8080@PC10

[2023-01-23 19:52:25 #9 store] 
Database 'D:\Documentos\DAM2_DUAL\Workspace\Acceso a datos\UD4\AD_2evbdo_MallenGimenoAntonio\data\fichajes.odb' is opened by 8080@PC10

[2023-01-23 19:52:25 #10 store] 
Configuration path: ?

[2023-01-23 19:52:25 #11 store] 
Database 'D:\Documentos\DAM2_DUAL\Workspace\Acceso a datos\UD4\AD_2evbdo_MallenGimenoAntonio\data\fichajes.odb' is closed by 8080@PC10

[2023-01-23 19:52:25 #12 store] 
Database 'D:\Documentos\DAM2_DUAL\Workspace\Acceso a datos\UD4\AD_2evbdo_MallenGimenoAntonio\data\fichajes.odb' is opened by 8080@PC10

[2023-01-23 19:52:25 #13 store] 
Configuration path: ?

[2023-01-23 19:52:25 #14 store] 
Database 'D:\Documentos\DAM2_DUAL\Workspace\Acceso a datos\UD4\AD_2evbdo_MallenGimenoAntonio\data\fichajes.odb' is closed by 8080@PC10

------------------------------------------------------------------------------------------------------------------------

[2023-01-23 19:52:31 #1 store] 
Database 'D:\Documentos\DAM2_DUAL\Workspace\Acceso a datos\UD4\AD_2evbdo_MallenGimenoAntonio\data\fichajes.odb' is opened by 1840@PC10

[2023-01-23 19:52:31 #2 store] 
Configuration path: ?

[2023-01-23 19:52:31 #3 type] 
Type modelo.Departamento is not enhanced.

[2023-01-23 19:52:31 #4 type] 
Type modelo.Empleado is not enhanced.

[2023-01-23 19:52:31 #5 type] 
Type modelo.Fecha is not enhanced.

[2023-01-23 19:52:31 #6 type] 
Type modelo.Fichaje is not enhanced.

[2023-01-23 19:52:31 #7 type] 
Type modelo.Tiempo is not enhanced.

[2023-01-23 19:52:31 #8 store] 
Database 'D:\Documentos\DAM2_DUAL\Workspace\Acceso a datos\UD4\AD_2evbdo_MallenGimenoAntonio\data\fichajes.odb' is closed by 1840@PC10

[2023-01-23 19:52:33 #9 store] 
Database 'D:\Documentos\DAM2_DUAL\Workspace\Acceso a datos\UD4\AD_2evbdo_MallenGimenoAntonio\data\fichajes.odb' is opened by 1840@PC10

[2023-01-23 19:52:33 #10 store] 
Configuration path: ?

[2023-01-23 19:52:33 #11 store] 
Database 'D:\Documentos\DAM2_DUAL\Workspace\Acceso a datos\UD4\AD_2evbdo_MallenGimenoAntonio\data\fichajes.odb' is closed by 1840@PC10

[2023-01-23 19:52:33 #12 store] 
Database 'D:\Documentos\DAM2_DUAL\Workspace\Acceso a datos\UD4\AD_2evbdo_MallenGimenoAntonio\data\fichajes.odb' is opened by 1840@PC10

[2023-01-23 19:52:33 #13 store] 
Configuration path: ?

[2023-01-23 19:52:33 #14 store] 
Database 'D:\Documentos\DAM2_DUAL\Workspace\Acceso a datos\UD4\AD_2evbdo_MallenGimenoAntonio\data\fichajes.odb' is closed by 1840@PC10

[2023-01-23 19:52:34 #15 store] 
Database 'D:\Documentos\DAM2_DUAL\Workspace\Acceso a datos\UD4\AD_2evbdo_MallenGimenoAntonio\data\fichajes.odb' is opened by 1840@PC10

[2023-01-23 19:52:34 #16 store] 
Configuration path: ?

[2023-01-23 19:52:34 #17 store] 
Database 'D:\Documentos\DAM2_DUAL\Workspace\Acceso a datos\UD4\AD_2evbdo_MallenGimenoAntonio\data\fichajes.odb' is closed by 1840@PC10

------------------------------------------------------------------------------------------------------------------------

[2023-01-23 19:59:51 #1 store] 
Database 'D:\Documentos\DAM2_DUAL\Workspace\Acceso a datos\UD4\AD_2evbdo_MallenGimenoAntonio\data\fichajes.odb' is opened by 8620@PC10

[2023-01-23 19:59:51 #2 store] 
Configuration path: ?

[2023-01-23 19:59:51 #3 type] 
Type modelo.Departamento is not enhanced.

[2023-01-23 19:59:51 #4 type] 
Type modelo.Empleado is not enhanced.

[2023-01-23 19:59:51 #5 type] 
Type modelo.Fecha is not enhanced.

[2023-01-23 19:59:51 #6 type] 
Type modelo.Fichaje is not enhanced.

[2023-01-23 19:59:51 #7 type] 
Type modelo.Tiempo is not enhanced.

[2023-01-23 19:59:51 #8 store] 
Database 'D:\Documentos\DAM2_DUAL\Workspace\Acceso a datos\UD4\AD_2evbdo_MallenGimenoAntonio\data\fichajes.odb' is closed by 8620@PC10

[2023-01-23 19:59:56 #9 store] 
Database 'D:\Documentos\DAM2_DUAL\Workspace\Acceso a datos\UD4\AD_2evbdo_MallenGimenoAntonio\data\fichajes.odb' is opened by 8620@PC10

[2023-01-23 19:59:56 #10 store] 
Configuration path: ?

[2023-01-23 19:59:56 #11 store] 
Database 'D:\Documentos\DAM2_DUAL\Workspace\Acceso a datos\UD4\AD_2evbdo_MallenGimenoAntonio\data\fichajes.odb' is closed by 8620@PC10

------------------------------------------------------------------------------------------------------------------------

[2023-01-23 20:07:41 #1 store] 
Database 'D:\Documentos\DAM2_DUAL\Workspace\Acceso a datos\UD4\AD_2evbdo_MallenGimenoAntonio\data\fichajes.odb' is opened by 5140@PC10

[2023-01-23 20:07:41 #2 store] 
Configuration path: ?

[2023-01-23 20:07:41 #3 type] 
Type modelo.Departamento is not enhanced.

[2023-01-23 20:07:42 #4 type] 
Type modelo.Empleado is not enhanced.

[2023-01-23 20:07:42 #5 type] 
Type modelo.Fecha is not enhanced.

[2023-01-23 20:07:42 #6 type] 
Type modelo.Fichaje is not enhanced.

[2023-01-23 20:07:42 #7 type] 
Type modelo.Tiempo is not enhanced.

[2023-01-23 20:07:42 #8 store] 
Database 'D:\Documentos\DAM2_DUAL\Workspace\Acceso a datos\UD4\AD_2evbdo_MallenGimenoAntonio\data\fichajes.odb' is closed by 5140@PC10

[2023-01-23 20:07:43 #9 store] 
Database 'D:\Documentos\DAM2_DUAL\Workspace\Acceso a datos\UD4\AD_2evbdo_MallenGimenoAntonio\data\fichajes.odb' is opened by 5140@PC10

[2023-01-23 20:07:43 #10 store] 
Configuration path: ?

[2023-01-23 20:07:43 #11 store] 
Database 'D:\Documentos\DAM2_DUAL\Workspace\Acceso a datos\UD4\AD_2evbdo_MallenGimenoAntonio\data\fichajes.odb' is closed by 5140@PC10

------------------------------------------------------------------------------------------------------------------------

[2023-01-23 20:07:50 #1 store] 
Database 'D:\Documentos\DAM2_DUAL\Workspace\Acceso a datos\UD4\AD_2evbdo_MallenGimenoAntonio\data\fichajes.odb' is opened by 684@PC10

[2023-01-23 20:07:50 #2 store] 
Configuration path: ?

[2023-01-23 20:07:50 #3 type] 
Type modelo.Departamento is not enhanced.

[2023-01-23 20:07:50 #4 type] 
Type modelo.Empleado is not enhanced.

[2023-01-23 20:07:50 #5 type] 
Type modelo.Fecha is not enhanced.

[2023-01-23 20:07:50 #6 type] 
Type modelo.Fichaje is not enhanced.

[2023-01-23 20:07:50 #7 type] 
Type modelo.Tiempo is not enhanced.

[2023-01-23 20:07:50 #8 store] 
Database 'D:\Documentos\DAM2_DUAL\Workspace\Acceso a datos\UD4\AD_2evbdo_MallenGimenoAntonio\data\fichajes.odb' is closed by 684@PC10

[2023-01-23 20:07:52 #9 store] 
Database 'D:\Documentos\DAM2_DUAL\Workspace\Acceso a datos\UD4\AD_2evbdo_MallenGimenoAntonio\data\fichajes.odb' is opened by 684@PC10

[2023-01-23 20:07:52 #10 store] 
Configuration path: ?

[2023-01-23 20:07:52 #11 store] 
Database 'D:\Documentos\DAM2_DUAL\Workspace\Acceso a datos\UD4\AD_2evbdo_MallenGimenoAntonio\data\fichajes.odb' is closed by 684@PC10

------------------------------------------------------------------------------------------------------------------------

[2023-01-23 20:13:59 #1 store] 
Database 'D:\Documentos\DAM2_DUAL\Workspace\Acceso a datos\UD4\AD_2evbdo_MallenGimenoAntonio\data\fichajes.odb' is opened by 2852@PC10

[2023-01-23 20:13:59 #2 store] 
Configuration path: ?

[2023-01-23 20:13:59 #3 type] 
Type modelo.Departamento is not enhanced.

[2023-01-23 20:13:59 #4 type] 
Type modelo.Empleado is not enhanced.

[2023-01-23 20:13:59 #5 type] 
Type modelo.Fecha is not enhanced.

[2023-01-23 20:13:59 #6 type] 
Type modelo.Fichaje is not enhanced.

[2023-01-23 20:13:59 #7 type] 
Type modelo.Tiempo is not enhanced.

[2023-01-23 20:13:59 #8 store] 
Database 'D:\Documentos\DAM2_DUAL\Workspace\Acceso a datos\UD4\AD_2evbdo_MallenGimenoAntonio\data\fichajes.odb' is closed by 2852@PC10

------------------------------------------------------------------------------------------------------------------------

[2023-01-23 20:15:01 #1 store] 
Database 'D:\Documentos\DAM2_DUAL\Workspace\Acceso a datos\UD4\AD_2evbdo_MallenGimenoAntonio\data\fichajes.odb' is opened by 10376@PC10

[2023-01-23 20:15:01 #2 store] 
Configuration path: ?

[2023-01-23 20:15:01 #3 type] 
Type modelo.Departamento is not enhanced.

[2023-01-23 20:15:01 #4 type] 
Type modelo.Empleado is not enhanced.

[2023-01-23 20:15:01 #5 type] 
Type modelo.Fecha is not enhanced.

[2023-01-23 20:15:01 #6 type] 
Type modelo.Fichaje is not enhanced.

[2023-01-23 20:15:01 #7 type] 
Type modelo.Tiempo is not enhanced.

[2023-01-23 20:15:01 #8 store] 
Database 'D:\Documentos\DAM2_DUAL\Workspace\Acceso a datos\UD4\AD_2evbdo_MallenGimenoAntonio\data\fichajes.odb' is closed by 10376@PC10

[2023-01-23 20:15:07 #9 store] 
Database 'D:\Documentos\DAM2_DUAL\Workspace\Acceso a datos\UD4\AD_2evbdo_MallenGimenoAntonio\data\fichajes.odb' is opened by 10376@PC10

[2023-01-23 20:15:07 #10 store] 
Configuration path: ?

[2023-01-23 20:15:07 #11 store] 
Database 'D:\Documentos\DAM2_DUAL\Workspace\Acceso a datos\UD4\AD_2evbdo_MallenGimenoAntonio\data\fichajes.odb' is closed by 10376@PC10

[2023-01-23 20:15:19 #12 store] 
Database 'D:\Documentos\DAM2_DUAL\Workspace\Acceso a datos\UD4\AD_2evbdo_MallenGimenoAntonio\data\fichajes.odb' is opened by 10376@PC10

[2023-01-23 20:15:19 #13 store] 
Configuration path: ?

[2023-01-23 20:15:19 #14 store] 
Database 'D:\Documentos\DAM2_DUAL\Workspace\Acceso a datos\UD4\AD_2evbdo_MallenGimenoAntonio\data\fichajes.odb' is closed by 10376@PC10

[2023-01-23 20:15:24 #15 store] 
Database 'D:\Documentos\DAM2_DUAL\Workspace\Acceso a datos\UD4\AD_2evbdo_MallenGimenoAntonio\data\fichajes.odb' is opened by 10376@PC10

[2023-01-23 20:15:24 #16 store] 
Configuration path: ?

[2023-01-23 20:15:24 #17 store] 
Database 'D:\Documentos\DAM2_DUAL\Workspace\Acceso a datos\UD4\AD_2evbdo_MallenGimenoAntonio\data\fichajes.odb' is closed by 10376@PC10

[2023-01-23 20:15:25 #18 store] 
Database 'D:\Documentos\DAM2_DUAL\Workspace\Acceso a datos\UD4\AD_2evbdo_MallenGimenoAntonio\data\fichajes.odb' is opened by 10376@PC10

[2023-01-23 20:15:25 #19 store] 
Configuration path: ?

[2023-01-23 20:15:25 #20 store] 
Database 'D:\Documentos\DAM2_DUAL\Workspace\Acceso a datos\UD4\AD_2evbdo_MallenGimenoAntonio\data\fichajes.odb' is closed by 10376@PC10

------------------------------------------------------------------------------------------------------------------------

[2023-01-23 20:17:46 #1 store] 
Database 'D:\Documentos\DAM2_DUAL\Workspace\Acceso a datos\UD4\AD_2evbdo_MallenGimenoAntonio\data\fichajes.odb' is opened by 11072@PC10

[2023-01-23 20:17:46 #2 store] 
Configuration path: ?

[2023-01-23 20:17:46 #3 type] 
Type modelo.Departamento is not enhanced.

[2023-01-23 20:17:46 #4 type] 
Type modelo.Empleado is not enhanced.

[2023-01-23 20:17:46 #5 type] 
Type modelo.Fecha is not enhanced.

[2023-01-23 20:17:46 #6 type] 
Type modelo.Fichaje is not enhanced.

[2023-01-23 20:17:46 #7 type] 
Type modelo.Tiempo is not enhanced.

[2023-01-23 20:17:46 #8 store] 
Database 'D:\Documentos\DAM2_DUAL\Workspace\Acceso a datos\UD4\AD_2evbdo_MallenGimenoAntonio\data\fichajes.odb' is closed by 11072@PC10

[2023-01-23 20:17:47 #9 store] 
Database 'D:\Documentos\DAM2_DUAL\Workspace\Acceso a datos\UD4\AD_2evbdo_MallenGimenoAntonio\data\fichajes.odb' is opened by 11072@PC10

[2023-01-23 20:17:47 #10 store] 
Configuration path: ?

[2023-01-23 20:17:47 #11 store] 
Database 'D:\Documentos\DAM2_DUAL\Workspace\Acceso a datos\UD4\AD_2evbdo_MallenGimenoAntonio\data\fichajes.odb' is closed by 11072@PC10

------------------------------------------------------------------------------------------------------------------------

[2023-01-23 20:18:55 #1 store] 
Database 'D:\Documentos\DAM2_DUAL\Workspace\Acceso a datos\UD4\AD_2evbdo_MallenGimenoAntonio\data\fichajes.odb' is opened by 3092@PC10

[2023-01-23 20:18:55 #2 store] 
Configuration path: ?

[2023-01-23 20:18:55 #3 type] 
Type modelo.Departamento is not enhanced.

[2023-01-23 20:18:55 #4 type] 
Type modelo.Empleado is not enhanced.

[2023-01-23 20:18:55 #5 type] 
Type modelo.Fecha is not enhanced.

[2023-01-23 20:18:55 #6 type] 
Type modelo.Fichaje is not enhanced.

[2023-01-23 20:18:55 #7 type] 
Type modelo.Tiempo is not enhanced.

[2023-01-23 20:18:55 #8 store] 
Database 'D:\Documentos\DAM2_DUAL\Workspace\Acceso a datos\UD4\AD_2evbdo_MallenGimenoAntonio\data\fichajes.odb' is closed by 3092@PC10

------------------------------------------------------------------------------------------------------------------------

[2023-01-23 20:19:03 #1 store] 
Database 'D:\Documentos\DAM2_DUAL\Workspace\Acceso a datos\UD4\AD_2evbdo_MallenGimenoAntonio\data\fichajes.odb' is opened by 2740@PC10

[2023-01-23 20:19:03 #2 store] 
Configuration path: ?

[2023-01-23 20:19:03 #3 type] 
Type modelo.Departamento is not enhanced.

[2023-01-23 20:19:03 #4 type] 
Type modelo.Empleado is not enhanced.

[2023-01-23 20:19:03 #5 type] 
Type modelo.Fecha is not enhanced.

[2023-01-23 20:19:03 #6 type] 
Type modelo.Fichaje is not enhanced.

[2023-01-23 20:19:03 #7 type] 
Type modelo.Tiempo is not enhanced.

[2023-01-23 20:19:03 #8 store] 
Database 'D:\Documentos\DAM2_DUAL\Workspace\Acceso a datos\UD4\AD_2evbdo_MallenGimenoAntonio\data\fichajes.odb' is closed by 2740@PC10

[2023-01-23 20:19:14 #9 store] 
Database 'D:\Documentos\DAM2_DUAL\Workspace\Acceso a datos\UD4\AD_2evbdo_MallenGimenoAntonio\data\fichajes.odb' is opened by 2740@PC10

[2023-01-23 20:19:14 #10 store] 
Configuration path: ?

[2023-01-23 20:19:14 #11 store] 
Database 'D:\Documentos\DAM2_DUAL\Workspace\Acceso a datos\UD4\AD_2evbdo_MallenGimenoAntonio\data\fichajes.odb' is closed by 2740@PC10

[2023-01-23 20:19:18 #12 store] 
Database 'D:\Documentos\DAM2_DUAL\Workspace\Acceso a datos\UD4\AD_2evbdo_MallenGimenoAntonio\data\fichajes.odb' is opened by 2740@PC10

[2023-01-23 20:19:18 #13 store] 
Configuration path: ?

[2023-01-23 20:19:18 #14 store] 
Database 'D:\Documentos\DAM2_DUAL\Workspace\Acceso a datos\UD4\AD_2evbdo_MallenGimenoAntonio\data\fichajes.odb' is closed by 2740@PC10

------------------------------------------------------------------------------------------------------------------------

[2023-01-23 20:19:42 #1 store] 
Database 'D:\Documentos\DAM2_DUAL\Workspace\Acceso a datos\UD4\AD_2evbdo_MallenGimenoAntonio\data\fichajes.odb' is opened by 10796@PC10

[2023-01-23 20:19:42 #2 store] 
Configuration path: ?

[2023-01-23 20:19:42 #3 type] 
Type modelo.Departamento is not enhanced.

[2023-01-23 20:19:42 #4 type] 
Type modelo.Empleado is not enhanced.

[2023-01-23 20:19:42 #5 type] 
Type modelo.Fecha is not enhanced.

[2023-01-23 20:19:42 #6 type] 
Type modelo.Fichaje is not enhanced.

[2023-01-23 20:19:42 #7 type] 
Type modelo.Tiempo is not enhanced.

[2023-01-23 20:19:42 #8 store] 
Database 'D:\Documentos\DAM2_DUAL\Workspace\Acceso a datos\UD4\AD_2evbdo_MallenGimenoAntonio\data\fichajes.odb' is closed by 10796@PC10

[2023-01-23 20:19:43 #9 store] 
Database 'D:\Documentos\DAM2_DUAL\Workspace\Acceso a datos\UD4\AD_2evbdo_MallenGimenoAntonio\data\fichajes.odb' is opened by 10796@PC10

[2023-01-23 20:19:43 #10 store] 
Configuration path: ?

[2023-01-23 20:19:43 #11 store] 
Database 'D:\Documentos\DAM2_DUAL\Workspace\Acceso a datos\UD4\AD_2evbdo_MallenGimenoAntonio\data\fichajes.odb' is closed by 10796@PC10

[2023-01-23 20:19:43 #12 store] 
Database 'D:\Documentos\DAM2_DUAL\Workspace\Acceso a datos\UD4\AD_2evbdo_MallenGimenoAntonio\data\fichajes.odb' is opened by 10796@PC10

[2023-01-23 20:19:43 #13 store] 
Configuration path: ?

[2023-01-23 20:19:43 #14 store] 
Database 'D:\Documentos\DAM2_DUAL\Workspace\Acceso a datos\UD4\AD_2evbdo_MallenGimenoAntonio\data\fichajes.odb' is closed by 10796@PC10

[2023-01-23 20:19:54 #15 store] 
Database 'D:\Documentos\DAM2_DUAL\Workspace\Acceso a datos\UD4\AD_2evbdo_MallenGimenoAntonio\data\fichajes.odb' is opened by 10796@PC10

[2023-01-23 20:19:54 #16 store] 
Configuration path: ?

[2023-01-23 20:19:54 #17 store] 
Database 'D:\Documentos\DAM2_DUAL\Workspace\Acceso a datos\UD4\AD_2evbdo_MallenGimenoAntonio\data\fichajes.odb' is closed by 10796@PC10

[2023-01-23 20:20:13 #18 store] 
Database 'D:\Documentos\DAM2_DUAL\Workspace\Acceso a datos\UD4\AD_2evbdo_MallenGimenoAntonio\data\fichajes.odb' is opened by 10796@PC10

[2023-01-23 20:20:13 #19 store] 
Configuration path: ?

[2023-01-23 20:20:13 #20 store] 
Database 'D:\Documentos\DAM2_DUAL\Workspace\Acceso a datos\UD4\AD_2evbdo_MallenGimenoAntonio\data\fichajes.odb' is closed by 10796@PC10

------------------------------------------------------------------------------------------------------------------------

[2023-01-23 20:20:25 #1 store] 
Database 'D:\Documentos\DAM2_DUAL\Workspace\Acceso a datos\UD4\AD_2evbdo_MallenGimenoAntonio\data\fichajes.odb' is opened by 9752@PC10

[2023-01-23 20:20:25 #2 store] 
Configuration path: ?

[2023-01-23 20:20:25 #3 type] 
Type modelo.Departamento is not enhanced.

[2023-01-23 20:20:25 #4 type] 
Type modelo.Empleado is not enhanced.

[2023-01-23 20:20:25 #5 type] 
Type modelo.Fecha is not enhanced.

[2023-01-23 20:20:25 #6 type] 
Type modelo.Fichaje is not enhanced.

[2023-01-23 20:20:25 #7 type] 
Type modelo.Tiempo is not enhanced.

[2023-01-23 20:20:25 #8 store] 
Database 'D:\Documentos\DAM2_DUAL\Workspace\Acceso a datos\UD4\AD_2evbdo_MallenGimenoAntonio\data\fichajes.odb' is closed by 9752@PC10

[2023-01-23 20:20:35 #9 store] 
Database 'D:\Documentos\DAM2_DUAL\Workspace\Acceso a datos\UD4\AD_2evbdo_MallenGimenoAntonio\data\fichajes.odb' is opened by 9752@PC10

[2023-01-23 20:20:35 #10 store] 
Configuration path: ?

[2023-01-23 20:20:35 #11 store] 
Database 'D:\Documentos\DAM2_DUAL\Workspace\Acceso a datos\UD4\AD_2evbdo_MallenGimenoAntonio\data\fichajes.odb' is closed by 9752@PC10

[2023-01-23 20:20:35 #12 store] 
Database 'D:\Documentos\DAM2_DUAL\Workspace\Acceso a datos\UD4\AD_2evbdo_MallenGimenoAntonio\data\fichajes.odb' is opened by 9752@PC10

[2023-01-23 20:20:35 #13 store] 
Configuration path: ?

[2023-01-23 20:20:35 #14 store] 
Database 'D:\Documentos\DAM2_DUAL\Workspace\Acceso a datos\UD4\AD_2evbdo_MallenGimenoAntonio\data\fichajes.odb' is closed by 9752@PC10

[2023-01-23 20:20:35 #15 store] 
Database 'D:\Documentos\DAM2_DUAL\Workspace\Acceso a datos\UD4\AD_2evbdo_MallenGimenoAntonio\data\fichajes.odb' is opened by 9752@PC10

[2023-01-23 20:20:35 #16 store] 
Configuration path: ?

[2023-01-23 20:20:35 #17 store] 
Database 'D:\Documentos\DAM2_DUAL\Workspace\Acceso a datos\UD4\AD_2evbdo_MallenGimenoAntonio\data\fichajes.odb' is closed by 9752@PC10

